\BOOKMARK [1][-]{section.1}{\376\377\004\033\004\065\004\072\004\106\004\070\004\117\000\040\0001\000.\000\040\004\022\004\062\004\065\004\064\004\065\004\075\004\070\004\065\000\040\004\062\000\040\004\100\004\065\004\073\004\117\004\106\004\070\004\076\004\075\004\075\004\113\004\065\000\040\004\061\004\060\004\067\004\113\000\040\004\064\004\060\004\075\004\075\004\113\004\105}{}% 1
\BOOKMARK [2][-]{subsection.1.1}{\376\377\004\037\004\076\004\075\004\117\004\102\004\070\004\065\000\040\004\061\004\060\004\067\004\113\000\040\004\064\004\060\004\075\004\075\004\113\004\105\000\040\004\070\000\040\004\041\004\043\004\021\004\024}{section.1}% 2
\BOOKMARK [2][-]{subsection.1.2}{\376\377\004\021\004\060\004\067\004\113\000\040\004\064\004\060\004\075\004\075\004\113\004\105\000\040\004\070\000\040\004\041\004\043\004\021\004\024}{section.1}% 3
\BOOKMARK [2][-]{subsection.1.3}{\376\377\004\037\004\100\004\070\004\075\004\106\004\070\004\077\004\113\000\040\004\076\004\100\004\063\004\060\004\075\004\070\004\067\004\060\004\106\004\070\004\070\000\040\004\061\004\060\004\067\004\113\000\040\004\064\004\060\004\075\004\075\004\113\004\105}{section.1}% 4
\BOOKMARK [2][-]{subsection.1.4}{\376\377\004\040\004\065\004\073\004\117\004\106\004\070\004\076\004\075\004\075\004\060\004\117\000\040\004\074\004\076\004\064\004\065\004\073\004\114\000\040\004\064\004\060\004\075\004\075\004\113\004\105}{section.1}% 5
\BOOKMARK [2][-]{subsection.1.5}{\376\377\004\041\004\102\004\100\004\103\004\072\004\102\004\103\004\100\004\075\004\113\004\071\000\040\004\060\004\101\004\077\004\065\004\072\004\102\000\040\004\100\004\065\004\073\004\117\004\106\004\070\004\076\004\075\004\075\004\076\004\071\000\040\004\074\004\076\004\064\004\065\004\073\004\070}{section.1}% 6
\BOOKMARK [2][-]{subsection.1.6}{\376\377\004\020\004\101\004\077\004\065\004\072\004\102\000\040\004\106\004\065\004\073\004\076\004\101\004\102\004\075\004\076\004\101\004\102\004\070\000\040\004\100\004\065\004\073\004\117\004\106\004\070\004\076\004\075\004\075\004\076\004\071\000\040\004\074\004\076\004\064\004\065\004\073\004\070}{section.1}% 7
\BOOKMARK [2][-]{subsection.1.7}{\376\377\004\027\004\075\004\060\004\072\004\076\004\074\004\101\004\102\004\062\004\076\000\040\004\101\000\040\000P\000o\000s\000t\000g\000r\000e\000S\000Q\000L\000\040\000\050\004\100\004\065\004\072\004\073\004\060\004\074\004\060\000\051}{section.1}% 8
\BOOKMARK [2][-]{subsection.1.8}{\376\377\000S\000Q\000L\000\040\004\070\000\040\000N\000o\000S\000Q\000L}{section.1}% 9
\BOOKMARK [2][-]{subsection.1.9}{\376\377\004\032\004\073\004\060\004\101\004\101\004\070\004\104\004\070\004\072\004\060\004\106\004\070\004\117\000\040\004\061\004\060\004\067\000\040\004\064\004\060\004\075\004\075\004\113\004\105}{section.1}% 10
\BOOKMARK [2][-]{subsection.1.10}{\376\377\004\032\004\073\004\060\004\101\004\101\004\070\004\104\004\070\004\072\004\060\004\106\004\070\004\117\000\040\004\041\004\043\004\021\004\024}{section.1}% 11
\BOOKMARK [2][-]{subsection.1.11}{\376\377\004\020\004\101\004\077\004\065\004\072\004\102\000\040\004\076\004\061\004\100\004\060\004\061\004\076\004\102\004\072\004\070\000\040\004\100\004\065\004\073\004\117\004\106\004\070\004\076\004\075\004\075\004\076\004\071\000\040\004\074\004\076\004\064\004\065\004\073\004\070}{section.1}% 12
\BOOKMARK [2][-]{subsection.1.12}{\376\377\004\042\004\070\004\077\004\113\000\040\004\064\004\060\004\075\004\075\004\113\004\105}{section.1}% 13
\BOOKMARK [1][-]{section.2}{\376\377\004\033\004\065\004\072\004\106\004\070\004\117\000\040\0002\000.\000\040\004\022\004\062\004\065\004\064\004\065\004\075\004\070\004\065\000\040\004\062\000\040\004\117\004\067\004\113\004\072}{}% 14
\BOOKMARK [2][-]{subsection.2.1}{\376\377\004\057\004\067\004\113\004\072\000\040\000S\000Q\000L}{section.2}% 15
\BOOKMARK [2][-]{subsection.2.2}{\376\377\004\035\004\060\004\077\004\070\004\101\004\060\004\075\004\070\004\065\000\040\004\077\004\100\004\076\004\101\004\102\004\113\004\105\000\040\004\067\004\060\004\077\004\100\004\076\004\101\004\076\004\062}{section.2}% 16
\BOOKMARK [2][-]{subsection.2.3}{\376\377\004\041\004\076\004\100\004\102\004\070\004\100\004\076\004\062\004\072\004\060\000\040\004\064\004\060\004\075\004\075\004\113\004\105}{section.2}% 17
\BOOKMARK [2][-]{subsection.2.4}{\376\377\004\044\004\070\004\073\004\114\004\102\004\100\004\060\004\106\004\070\004\117\000\040\004\067\004\060\004\077\004\070\004\101\004\065\004\071}{section.2}% 18
\BOOKMARK [2][-]{subsection.2.5}{\376\377\004\034\004\060\004\101\004\101\004\070\004\062\004\113}{section.2}% 19
\BOOKMARK [2][-]{subsection.2.6}{\376\377\004\042\004\070\004\077\004\113\000\040\000J\000S\000O\000N}{section.2}% 20
\BOOKMARK [2][-]{subsection.2.7}{\376\377\004\022\004\101\004\102\004\100\004\076\004\065\004\075\004\075\004\113\004\065\000\040\004\104\004\103\004\075\004\072\004\106\004\070\004\070}{section.2}% 21
\BOOKMARK [2][-]{subsection.2.8}{\376\377\004\044\004\070\004\067\004\070\004\107\004\065\004\101\004\072\004\076\004\065\000\040\004\105\004\100\004\060\004\075\004\065\004\075\004\070\004\065\000\040\004\021\004\024\000.\000\040\004\035\004\070\004\067\004\072\004\070\004\071\000\040\004\103\004\100\004\076\004\062\004\065\004\075\004\114}{section.2}% 22
\BOOKMARK [2][-]{subsection.2.9}{\376\377\004\045\004\100\004\060\004\075\004\065\004\075\004\070\004\065\000\040\004\061\004\076\004\073\004\114\004\110\004\070\004\105\000\040\004\064\004\060\004\075\004\075\004\113\004\105}{section.2}% 23
\BOOKMARK [2][-]{subsection.2.10}{\376\377\004\037\004\073\004\060\004\075\004\070\004\100\004\076\004\062\004\111\004\070\004\072\000\040\004\067\004\060\004\077\004\100\004\076\004\101\004\076\004\062}{section.2}% 24
\BOOKMARK [2][-]{subsection.2.11}{\376\377\004\034\004\065\004\102\004\076\004\064\004\113\000\040\004\064\004\076\004\101\004\102\004\103\004\077\004\060\000\040\004\072\000\040\004\064\004\060\004\075\004\075\004\113\004\074}{section.2}% 25
\BOOKMARK [2][-]{subsection.2.12}{\376\377\004\041\004\077\004\076\004\101\004\076\004\061\004\113\000\040\004\101\004\076\004\065\004\064\004\070\004\075\004\065\004\075\004\070\004\117}{section.2}% 26
